  [1m[36m (190.0ms)[0m  [1mCREATE TABLE "schema_migrations" ("version" varchar(255) NOT NULL) [0m
  [1m[35m (0.0ms)[0m  select sqlite_version(*)
  [1m[36m (120.0ms)[0m  [1mCREATE UNIQUE INDEX "unique_schema_migrations" ON "schema_migrations" ("version")[0m
  [1m[35mActiveRecord::SchemaMigration Load (0.0ms)[0m  SELECT "schema_migrations".* FROM "schema_migrations"
Migrating to CreateGas (20150525214456)
  [1m[36m (0.0ms)[0m  [1mbegin transaction[0m
  [1m[35m (0.0ms)[0m  CREATE TABLE "gas" ("id" INTEGER PRIMARY KEY AUTOINCREMENT NOT NULL, "nome" varchar(255), "created_at" datetime, "updated_at" datetime) 
  [1m[36mSQL (0.0ms)[0m  [1mINSERT INTO "schema_migrations" ("version") VALUES (?)[0m  [["version", "20150525214456"]]
  [1m[35m (168.0ms)[0m  commit transaction
  [1m[36mActiveRecord::SchemaMigration Load (0.0ms)[0m  [1mSELECT "schema_migrations".* FROM "schema_migrations"[0m
  [1m[36mActiveRecord::SchemaMigration Load (0.0ms)[0m  [1mSELECT "schema_migrations".* FROM "schema_migrations"[0m
Migrating to CreateContratos (20150525214703)
  [1m[35m (0.0ms)[0m  begin transaction
  [1m[36m (0.0ms)[0m  [1mCREATE TABLE "contratos" ("id" INTEGER PRIMARY KEY AUTOINCREMENT NOT NULL, "contratado" varchar(255), "data" date, "salario" decimal, "created_at" datetime, "updated_at" datetime) [0m
  [1m[35mSQL (0.0ms)[0m  INSERT INTO "schema_migrations" ("version") VALUES (?)  [["version", "20150525214703"]]
  [1m[36m (142.0ms)[0m  [1mcommit transaction[0m
  [1m[35mActiveRecord::SchemaMigration Load (0.0ms)[0m  SELECT "schema_migrations".* FROM "schema_migrations"


Started GET "/" for 127.0.0.1 at 2015-05-25 18:50:06 -0300
  [1m[36mActiveRecord::SchemaMigration Load (0.0ms)[0m  [1mSELECT "schema_migrations".* FROM "schema_migrations"[0m
Processing by Rails::WelcomeController#index as HTML
  Rendered C:/RailsInstaller/Ruby2.0.0/lib/ruby/gems/2.0.0/gems/railties-4.1.8/lib/rails/templates/rails/welcome/index.html.erb (26.0ms)
Completed 200 OK in 155ms (Views: 125.0ms | ActiveRecord: 0.0ms)


Started GET "/contratos" for 127.0.0.1 at 2015-05-25 18:50:30 -0300
Processing by ContratosController#index as HTML
  [1m[35mContrato Load (1.0ms)[0m  SELECT "contratos".* FROM "contratos"
  Rendered contratos/index.html.erb within layouts/application (2.0ms)
Completed 500 Internal Server Error in 3196ms

ActionView::Template::Error (TypeError: O objeto não dá suporte para a propriedade ou método
  (in C:/RailsInstaller/Ruby2.0.0/lib/ruby/gems/2.0.0/gems/turbolinks-2.5.3/lib/assets/javascripts/turbolinks.js.coffee)):
    3: <head>
    4:   <title>GA</title>
    5:   <%= stylesheet_link_tag    'application', media: 'all', 'data-turbolinks-track' => true %>
    6:   <%= javascript_include_tag 'application', 'data-turbolinks-track' => true %>
    7:   <%= csrf_meta_tags %>
    8: </head>
    9: <body>
  app/views/layouts/application.html.erb:6:in `_app_views_layouts_application_html_erb__596021152_31878648'


  Rendered C:/RailsInstaller/Ruby2.0.0/lib/ruby/gems/2.0.0/gems/actionpack-4.1.8/lib/action_dispatch/middleware/templates/rescues/_trace.html.erb (1.0ms)
  Rendered C:/RailsInstaller/Ruby2.0.0/lib/ruby/gems/2.0.0/gems/actionpack-4.1.8/lib/action_dispatch/middleware/templates/rescues/_request_and_response.html.erb (1.0ms)
  Rendered C:/RailsInstaller/Ruby2.0.0/lib/ruby/gems/2.0.0/gems/actionpack-4.1.8/lib/action_dispatch/middleware/templates/rescues/template_error.html.erb within rescues/layout (24.0ms)


Started GET "/contratos" for 127.0.0.1 at 2015-05-25 18:54:27 -0300
  [1m[36mActiveRecord::SchemaMigration Load (1.0ms)[0m  [1mSELECT "schema_migrations".* FROM "schema_migrations"[0m
Processing by ContratosController#index as HTML
  [1m[35mContrato Load (1.0ms)[0m  SELECT "contratos".* FROM "contratos"
  Rendered contratos/index.html.erb within layouts/application (4.0ms)
Completed 200 OK in 37ms (Views: 17.0ms | ActiveRecord: 1.0ms)


Started GET "/contratos/new" for 127.0.0.1 at 2015-05-25 18:54:35 -0300
Processing by ContratosController#new as HTML
  Rendered contratos/_form.html.erb (360.0ms)
  Rendered contratos/new.html.erb within layouts/application (385.0ms)
Completed 200 OK in 395ms (Views: 392.0ms | ActiveRecord: 1.0ms)


Started POST "/contratos" for 127.0.0.1 at 2015-05-25 18:55:22 -0300
Processing by ContratosController#create as HTML
  Parameters: {"utf8"=>"✓", "authenticity_token"=>"cEcUweWOrFKy4cw1nxg+ADCeH+bC8YGg034IePa3hI8=", "contrato"=>{"contratado"=>"Marcia", "data(1i)"=>"2010", "data(2i)"=>"4", "data(3i)"=>"20", "salario"=>"400,00"}, "commit"=>"Create Contrato"}
  [1m[36m (0.0ms)[0m  [1mbegin transaction[0m
  [1m[35mSQL (1.0ms)[0m  INSERT INTO "contratos" ("contratado", "created_at", "data", "salario", "updated_at") VALUES (?, ?, ?, ?, ?)  [["contratado", "Marcia"], ["created_at", "2015-05-25 21:55:22.660828"], ["data", "2010-04-20"], ["salario", 400.0], ["updated_at", "2015-05-25 21:55:22.660828"]]
  [1m[36m (227.0ms)[0m  [1mcommit transaction[0m
Redirected to http://localhost:3000/contratos/1
Completed 302 Found in 298ms (ActiveRecord: 228.0ms)


Started GET "/contratos/1" for 127.0.0.1 at 2015-05-25 18:55:22 -0300
Processing by ContratosController#show as HTML
  Parameters: {"id"=>"1"}
  [1m[35mContrato Load (0.0ms)[0m  SELECT  "contratos".* FROM "contratos"  WHERE "contratos"."id" = ? LIMIT 1  [["id", 1]]
  Rendered contratos/show.html.erb within layouts/application (2.0ms)
Completed 200 OK in 11ms (Views: 7.0ms | ActiveRecord: 0.0ms)


Started GET "/contratos" for 127.0.0.1 at 2015-05-25 18:55:25 -0300
Processing by ContratosController#index as HTML
  [1m[36mContrato Load (0.0ms)[0m  [1mSELECT "contratos".* FROM "contratos"[0m
  Rendered contratos/index.html.erb within layouts/application (2.0ms)
Completed 200 OK in 11ms (Views: 8.0ms | ActiveRecord: 0.0ms)


Started GET "/contratos/1" for 127.0.0.1 at 2015-05-25 18:55:28 -0300
Processing by ContratosController#show as HTML
  Parameters: {"id"=>"1"}
  [1m[35mContrato Load (1.0ms)[0m  SELECT  "contratos".* FROM "contratos"  WHERE "contratos"."id" = ? LIMIT 1  [["id", 1]]
  Rendered contratos/show.html.erb within layouts/application (1.0ms)
Completed 200 OK in 14ms (Views: 10.0ms | ActiveRecord: 1.0ms)


Started GET "/contratos" for 127.0.0.1 at 2015-05-25 18:55:30 -0300
Processing by ContratosController#index as HTML
  [1m[36mContrato Load (1.0ms)[0m  [1mSELECT "contratos".* FROM "contratos"[0m
  Rendered contratos/index.html.erb within layouts/application (4.0ms)
Completed 200 OK in 13ms (Views: 11.0ms | ActiveRecord: 1.0ms)


Started GET "/contratos" for 127.0.0.1 at 2015-05-25 18:57:26 -0300
Processing by ContratosController#index as HTML
  [1m[35mContrato Load (0.0ms)[0m  SELECT "contratos".* FROM "contratos"
  Rendered contratos/index.html.erb within layouts/application (5.0ms)
Completed 200 OK in 15ms (Views: 13.0ms | ActiveRecord: 0.0ms)


Started GET "/contratos" for 127.0.0.1 at 2015-05-25 18:57:27 -0300
Processing by ContratosController#index as HTML
  [1m[36mContrato Load (0.0ms)[0m  [1mSELECT "contratos".* FROM "contratos"[0m
  Rendered contratos/index.html.erb within layouts/application (3.0ms)
Completed 200 OK in 7ms (Views: 7.0ms | ActiveRecord: 0.0ms)


Started GET "/contratos/new" for 127.0.0.1 at 2015-05-25 18:57:30 -0300
Processing by ContratosController#new as HTML
  Rendered contratos/_form.html.erb (3.0ms)
  Rendered contratos/new.html.erb within layouts/application (5.0ms)
Completed 200 OK in 11ms (Views: 10.0ms | ActiveRecord: 0.0ms)


Started POST "/contratos" for 127.0.0.1 at 2015-05-25 18:57:57 -0300
Processing by ContratosController#create as HTML
  Parameters: {"utf8"=>"✓", "authenticity_token"=>"cEcUweWOrFKy4cw1nxg+ADCeH+bC8YGg034IePa3hI8=", "contrato"=>{"contratado"=>"Sophie", "data(1i)"=>"2015", "data(2i)"=>"5", "data(3i)"=>"25", "salario"=>"10000,00"}, "commit"=>"Create Contrato"}
  [1m[35m (0.0ms)[0m  begin transaction
  [1m[36mSQL (1.0ms)[0m  [1mINSERT INTO "contratos" ("contratado", "created_at", "data", "salario", "updated_at") VALUES (?, ?, ?, ?, ?)[0m  [["contratado", "Sophie"], ["created_at", "2015-05-25 21:57:57.553578"], ["data", "2015-05-25"], ["salario", 10000.0], ["updated_at", "2015-05-25 21:57:57.553578"]]
  [1m[35m (186.0ms)[0m  commit transaction
Redirected to http://localhost:3000/contratos/2
Completed 302 Found in 201ms (ActiveRecord: 187.0ms)


Started GET "/contratos/2" for 127.0.0.1 at 2015-05-25 18:57:57 -0300
Processing by ContratosController#show as HTML
  Parameters: {"id"=>"2"}
  [1m[36mContrato Load (1.0ms)[0m  [1mSELECT  "contratos".* FROM "contratos"  WHERE "contratos"."id" = ? LIMIT 1[0m  [["id", 2]]
  Rendered contratos/show.html.erb within layouts/application (1.0ms)
Completed 200 OK in 15ms (Views: 9.0ms | ActiveRecord: 1.0ms)


Started GET "/contratos" for 127.0.0.1 at 2015-05-25 18:58:02 -0300
Processing by ContratosController#index as HTML
  [1m[35mContrato Load (0.0ms)[0m  SELECT "contratos".* FROM "contratos"
  Rendered contratos/index.html.erb within layouts/application (2.0ms)
Completed 200 OK in 8ms (Views: 7.0ms | ActiveRecord: 0.0ms)


Started GET "/" for 127.0.0.1 at 2015-05-25 19:02:44 -0300
Processing by Rails::WelcomeController#index as HTML
  Rendered C:/RailsInstaller/Ruby2.0.0/lib/ruby/gems/2.0.0/gems/railties-4.1.8/lib/rails/templates/rails/welcome/index.html.erb (1.0ms)
Completed 200 OK in 5ms (Views: 4.0ms | ActiveRecord: 0.0ms)


Started GET "/contratos" for 127.0.0.1 at 2015-05-25 19:02:58 -0300
Processing by ContratosController#index as HTML
  [1m[36mContrato Load (1.0ms)[0m  [1mSELECT "contratos".* FROM "contratos"[0m
  Rendered contratos/index.html.erb within layouts/application (4.0ms)
Completed 200 OK in 20ms (Views: 9.0ms | ActiveRecord: 1.0ms)


Started GET "/" for 127.0.0.1 at 2015-05-25 19:09:54 -0300
  [1m[36mActiveRecord::SchemaMigration Load (1.0ms)[0m  [1mSELECT "schema_migrations".* FROM "schema_migrations"[0m
Processing by Rails::WelcomeController#index as HTML
  Rendered C:/RailsInstaller/Ruby2.0.0/lib/ruby/gems/2.0.0/gems/railties-4.1.8/lib/rails/templates/rails/welcome/index.html.erb (2.0ms)
Completed 200 OK in 29ms (Views: 12.0ms | ActiveRecord: 0.0ms)


Started GET "/contratos" for 127.0.0.1 at 2015-05-25 19:10:00 -0300
Processing by ContratosController#index as HTML
  [1m[35mContrato Load (0.0ms)[0m  SELECT "contratos".* FROM "contratos"
  Rendered contratos/index.html.erb within layouts/application (8.0ms)
Completed 200 OK in 22ms (Views: 11.0ms | ActiveRecord: 1.0ms)


Started GET "/contratos/new" for 127.0.0.1 at 2015-05-25 19:10:10 -0300
Processing by ContratosController#new as HTML
  Rendered contratos/_form.html.erb (29.0ms)
  Rendered contratos/new.html.erb within layouts/application (34.0ms)
Completed 200 OK in 37ms (Views: 36.0ms | ActiveRecord: 0.0ms)


Started POST "/contratos" for 127.0.0.1 at 2015-05-25 19:10:22 -0300
Processing by ContratosController#create as HTML
  Parameters: {"utf8"=>"✓", "authenticity_token"=>"TbeZSXp9zeVN9yPJ9te4BtkYLcrQyKeYTRJA7YYbY5o=", "contrato"=>{"contratado"=>"Lucas", "data(1i)"=>"2015", "data(2i)"=>"5", "data(3i)"=>"25", "salario"=>"000"}, "commit"=>"Create Contrato"}
  [1m[36m (0.0ms)[0m  [1mbegin transaction[0m
  [1m[35mSQL (3.0ms)[0m  INSERT INTO "contratos" ("contratado", "created_at", "data", "salario", "updated_at") VALUES (?, ?, ?, ?, ?)  [["contratado", "Lucas"], ["created_at", "2015-05-25 22:10:22.095456"], ["data", "2015-05-25"], ["salario", 0.0], ["updated_at", "2015-05-25 22:10:22.095456"]]
  [1m[36m (245.0ms)[0m  [1mcommit transaction[0m
Redirected to http://localhost:3000/contratos/3
Completed 302 Found in 265ms (ActiveRecord: 248.0ms)


Started GET "/contratos/3" for 127.0.0.1 at 2015-05-25 19:10:22 -0300
Processing by ContratosController#show as HTML
  Parameters: {"id"=>"3"}
  [1m[35mContrato Load (0.0ms)[0m  SELECT  "contratos".* FROM "contratos"  WHERE "contratos"."id" = ? LIMIT 1  [["id", 3]]
  Rendered contratos/show.html.erb within layouts/application (2.0ms)
Completed 200 OK in 16ms (Views: 11.0ms | ActiveRecord: 0.0ms)


Started GET "/" for 127.0.0.1 at 2015-05-31 16:36:20 -0300
  [1m[36mActiveRecord::SchemaMigration Load (0.0ms)[0m  [1mSELECT "schema_migrations".* FROM "schema_migrations"[0m
Processing by Rails::WelcomeController#index as HTML
  Rendered C:/RailsInstaller/Ruby2.0.0/lib/ruby/gems/2.0.0/gems/railties-4.1.8/lib/rails/templates/rails/welcome/index.html.erb (67.5ms)
Completed 200 OK in 255ms (Views: 192.5ms | ActiveRecord: 0.0ms)


Started GET "/contrato" for 127.0.0.1 at 2015-05-31 16:36:39 -0300

ActionController::RoutingError (No route matches [GET] "/contrato"):
  actionpack (4.1.8) lib/action_dispatch/middleware/debug_exceptions.rb:21:in `call'
  actionpack (4.1.8) lib/action_dispatch/middleware/show_exceptions.rb:30:in `call'
  railties (4.1.8) lib/rails/rack/logger.rb:38:in `call_app'
  railties (4.1.8) lib/rails/rack/logger.rb:20:in `block in call'
  activesupport (4.1.8) lib/active_support/tagged_logging.rb:68:in `block in tagged'
  activesupport (4.1.8) lib/active_support/tagged_logging.rb:26:in `tagged'
  activesupport (4.1.8) lib/active_support/tagged_logging.rb:68:in `tagged'
  railties (4.1.8) lib/rails/rack/logger.rb:20:in `call'
  actionpack (4.1.8) lib/action_dispatch/middleware/request_id.rb:21:in `call'
  rack (1.5.3) lib/rack/methodoverride.rb:21:in `call'
  rack (1.5.3) lib/rack/runtime.rb:17:in `call'
  activesupport (4.1.8) lib/active_support/cache/strategy/local_cache_middleware.rb:26:in `call'
  rack (1.5.3) lib/rack/lock.rb:17:in `call'
  actionpack (4.1.8) lib/action_dispatch/middleware/static.rb:84:in `call'
  rack (1.5.3) lib/rack/sendfile.rb:112:in `call'
  railties (4.1.8) lib/rails/engine.rb:514:in `call'
  railties (4.1.8) lib/rails/application.rb:144:in `call'
  rack (1.5.3) lib/rack/lock.rb:17:in `call'
  rack (1.5.3) lib/rack/content_length.rb:14:in `call'
  rack (1.5.3) lib/rack/handler/webrick.rb:60:in `service'
  C:/RailsInstaller/Ruby2.0.0/lib/ruby/2.0.0/webrick/httpserver.rb:138:in `service'
  C:/RailsInstaller/Ruby2.0.0/lib/ruby/2.0.0/webrick/httpserver.rb:94:in `run'
  C:/RailsInstaller/Ruby2.0.0/lib/ruby/2.0.0/webrick/server.rb:295:in `block in start_thread'


  Rendered C:/RailsInstaller/Ruby2.0.0/lib/ruby/gems/2.0.0/gems/actionpack-4.1.8/lib/action_dispatch/middleware/templates/rescues/_trace.html.erb (2.5ms)
  Rendered C:/RailsInstaller/Ruby2.0.0/lib/ruby/gems/2.0.0/gems/actionpack-4.1.8/lib/action_dispatch/middleware/templates/routes/_route.html.erb (5.0ms)
  Rendered C:/RailsInstaller/Ruby2.0.0/lib/ruby/gems/2.0.0/gems/actionpack-4.1.8/lib/action_dispatch/middleware/templates/routes/_table.html.erb (92.5ms)
  Rendered C:/RailsInstaller/Ruby2.0.0/lib/ruby/gems/2.0.0/gems/actionpack-4.1.8/lib/action_dispatch/middleware/templates/rescues/routing_error.html.erb within rescues/layout (207.5ms)


Started GET "/contratos" for 127.0.0.1 at 2015-05-31 16:36:44 -0300
Processing by ContratosController#index as HTML
  [1m[35mContrato Load (0.0ms)[0m  SELECT "contratos".* FROM "contratos"
  Rendered contratos/index.html.erb within layouts/application (20.0ms)
Completed 200 OK in 155ms (Views: 90.0ms | ActiveRecord: 0.0ms)
